<?xml version="1.0" encoding="UTF-8"?>
<testsuite xmlns:xsi="http://www.w3.org/2001/XMLSchema-instance" xsi:noNamespaceSchemaLocation="https://maven.apache.org/surefire/maven-surefire-plugin/xsd/surefire-test-report-3.0.xsd" version="3.0" name="com.daarthy.events.app.modules.missions.PlayerMissionsTest" time="0.008" tests="6" errors="0" skipped="0" failures="0">
  <properties>
[...]
</properties>
  <testcase name="testPlayerMissionsByCompleteProgress" classname="com.daarthy.events.app.modules.missions.PlayerMissionsTest" time="0.002"/>
  <testcase name="testPlayerMissionsByPut" classname="com.daarthy.events.app.modules.missions.PlayerMissionsTest" time="0.001"/>
  <testcase name="testObjective" classname="com.daarthy.events.app.modules.missions.PlayerMissionsTest" time="0"/>
  <testcase name="testPlayerMissionsByMaps" classname="com.daarthy.events.app.modules.missions.PlayerMissionsTest" time="0.001"/>
  <testcase name="testPlayerMissionsByMultipleCompleteProgress" classname="com.daarthy.events.app.modules.missions.PlayerMissionsTest" time="0"/>
  <testcase name="testPlayerMissionsByAddProgress" classname="com.daarthy.events.app.modules.missions.PlayerMissionsTest" time="0.001"/>
</testsuite>