<?xml version="1.0" encoding="UTF-8"?>
<testsuite xmlns:xsi="http://www.w3.org/2001/XMLSchema-instance" xsi:noNamespaceSchemaLocation="https://maven.apache.org/surefire/maven-surefire-plugin/xsd/surefire-test-report-3.0.xsd" version="3.0" name="com.daarthy.events.app.modules.events.plans.PlanTest" time="0.889" tests="18" errors="0" skipped="0" failures="0">
  <properties>
[...]
</properties>
  <testcase name="testPlanByGatheringLimitProbability" classname="com.daarthy.events.app.modules.events.plans.PlanTest" time="0"/>
  <testcase name="testPlanByMiningLimitProbability" classname="com.daarthy.events.app.modules.events.plans.PlanTest" time="0"/>
  <testcase name="testPlanByGatheringBeyondLimitProbability" classname="com.daarthy.events.app.modules.events.plans.PlanTest" time="0"/>
  <testcase name="testPlanByMiningMatch" classname="com.daarthy.events.app.modules.events.plans.PlanTest" time="0"/>
  <testcase name="testPlanByMiningStudy" classname="com.daarthy.events.app.modules.events.plans.PlanTest" time="0.596">
    <system-out><![CDATA[----------------------MiningEvent-------------------------------
-------------------------------------------------------------------
|  Current Success  |  Samples  |  Avg. Samples |  Total Samples |
-------------------------------------------------------------------
|         1         |       2  |          2,00 |              2  |
|         2         |     707  |        354,50 |            709  |
|         3         |     393  |        367,33 |           1102  |
|         4         |     217  |        329,75 |           1319  |
|        88         |     195  |        505,10 |          44449  |
|        89         |    2521  |        527,75 |          46970  |
|        90         |    3729  |        563,32 |          50699  |
|        91         |   49028  |       1095,90 |          99727  |
|        92         |   20276  |       1304,38 |         120003  |
|       198         |   20205  |      21817,22 |        4319809  |
|       199         |   32260  |      21869,69 |        4352069  |
|       200         |   71216  |      22116,43 |        4423285  |
|       201         |   18904  |      22100,44 |        4442189  |
|       202         |   13697  |      22058,84 |        4455886  |
]]></system-out>
  </testcase>
  <testcase name="testPlanByMiningBeyondLimitProbability" classname="com.daarthy.events.app.modules.events.plans.PlanTest" time="0"/>
  <testcase name="testPlanByGatheringBasicProbability" classname="com.daarthy.events.app.modules.events.plans.PlanTest" time="0"/>
  <testcase name="testPlanByMiningBasicProbability" classname="com.daarthy.events.app.modules.events.plans.PlanTest" time="0"/>
  <testcase name="testPlanByGatheringMatch" classname="com.daarthy.events.app.modules.events.plans.PlanTest" time="0"/>
  <testcase name="testPlanByGatheringStudy" classname="com.daarthy.events.app.modules.events.plans.PlanTest" time="0.201">
    <system-out><![CDATA[----------------------GatheringEvent-------------------------------
-------------------------------------------------------------------
|  Current Success  |  Samples  |  Avg. Samples |  Total Samples |
-------------------------------------------------------------------
|         1         |      52  |         52,00 |             52  |
|         2         |     190  |        121,00 |            242  |
|         3         |      65  |        102,33 |            307  |
|         4         |     115  |        105,50 |            422  |
|        88         |    7702  |        601,11 |          52898  |
|        89         |      61  |        595,04 |          52959  |
|        90         |    4239  |        635,53 |          57198  |
|        91         |   10923  |        748,58 |          68121  |
|        92         |     456  |        745,40 |          68577  |
|       198         |   10859  |       6468,49 |        1280762  |
|       199         |   13015  |       6501,39 |        1293777  |
|       200         |    8438  |       6511,08 |        1302215  |
|       201         |    5638  |       6506,73 |        1307853  |
|       202         |    4680  |       6497,69 |        1312533  |
]]></system-out>
  </testcase>
  <testcase name="testPlanByGatheringBeforeLimitProbability" classname="com.daarthy.events.app.modules.events.plans.PlanTest" time="0"/>
  <testcase name="testPlanByHuntingBeyondLimitProbability" classname="com.daarthy.events.app.modules.events.plans.PlanTest" time="0"/>
  <testcase name="testPlanByHuntingLimitProbability" classname="com.daarthy.events.app.modules.events.plans.PlanTest" time="0"/>
  <testcase name="testPlanByHuntingMatch" classname="com.daarthy.events.app.modules.events.plans.PlanTest" time="0"/>
  <testcase name="testPlanByHuntingStudy" classname="com.daarthy.events.app.modules.events.plans.PlanTest" time="0.089">
    <system-out><![CDATA[----------------------HuntingEvent-------------------------------
-------------------------------------------------------------------
|  Current Success  |  Samples  |  Avg. Samples |  Total Samples |
-------------------------------------------------------------------
|         1         |     391  |        391,00 |            391  |
|         2         |     288  |        339,50 |            679  |
|         3         |      71  |        250,00 |            750  |
|         4         |     107  |        214,25 |            857  |
|        88         |    1090  |        340,94 |          30003  |
|        89         |     421  |        341,84 |          30424  |
|        90         |      95  |        339,10 |          30519  |
|        91         |      74  |        336,19 |          30593  |
|        92         |     925  |        342,59 |          31518  |
|       198         |     789  |        652,86 |         129267  |
|       199         |     113  |        650,15 |         129380  |
|       200         |    1184  |        652,82 |         130564  |
|       201         |    1069  |        654,89 |         131633  |
|       202         |    1908  |        661,09 |         133541  |
]]></system-out>
  </testcase>
  <testcase name="testPlanByMiningBeforeLimitProbability" classname="com.daarthy.events.app.modules.events.plans.PlanTest" time="0"/>
  <testcase name="testPlanByHuntingBeforeLimitProbability" classname="com.daarthy.events.app.modules.events.plans.PlanTest" time="0"/>
  <testcase name="testPlanByHuntingBasicProbability" classname="com.daarthy.events.app.modules.events.plans.PlanTest" time="0"/>
</testsuite>