<?xml version="1.0" encoding="UTF-8"?>
<testsuite xmlns:xsi="http://www.w3.org/2001/XMLSchema-instance" xsi:noNamespaceSchemaLocation="https://maven.apache.org/surefire/maven-surefire-plugin/xsd/surefire-test-report-3.0.xsd" version="3.0" name="com.daarthy.events.app.modules.events.plans.PlanTest" time="8.807" tests="18" errors="0" skipped="0" failures="0">
  <properties>
[...]
</properties>
  <testcase name="testPlanByGatheringLimitProbability" classname="com.daarthy.events.app.modules.events.plans.PlanTest" time="0"/>
  <testcase name="testPlanByMiningLimitProbability" classname="com.daarthy.events.app.modules.events.plans.PlanTest" time="0"/>
  <testcase name="testPlanByGatheringBeyondLimitProbability" classname="com.daarthy.events.app.modules.events.plans.PlanTest" time="0"/>
  <testcase name="testPlanByMiningMatch" classname="com.daarthy.events.app.modules.events.plans.PlanTest" time="0"/>
  <testcase name="testPlanByMiningStudy" classname="com.daarthy.events.app.modules.events.plans.PlanTest" time="6.163">
    <system-out><![CDATA[----------------------MiningEvent-------------------------------
-------------------------------------------------------------------
|  Current Success  |  Samples  |  Avg. Samples |  Total Samples |
-------------------------------------------------------------------
|         1         |      66  |         66,00 |             66  |
|         2         |     148  |        107,00 |            214  |
|         3         |      85  |         99,67 |            299  |
|         4         |     220  |        129,75 |            519  |
|        88         |    1510  |        686,56 |          60417  |
|        89         |    7474  |        762,82 |          67891  |
|        90         |    7791  |        840,91 |          75682  |
|        91         |   34088  |       1206,26 |         109770  |
|        92         |   57338  |       1816,39 |         167108  |
|       198         |    6766  |      18960,83 |        3754245  |
|       199         |   24596  |      18989,15 |        3778841  |
|       200         |    1054  |      18899,48 |        3779895  |
|       201         |   15778  |      18883,95 |        3795673  |
|       202         |  115068  |      19360,10 |        3910741  |
]]></system-out>
  </testcase>
  <testcase name="testPlanByMiningBeyondLimitProbability" classname="com.daarthy.events.app.modules.events.plans.PlanTest" time="0"/>
  <testcase name="testPlanByGatheringBasicProbability" classname="com.daarthy.events.app.modules.events.plans.PlanTest" time="0.001"/>
  <testcase name="testPlanByMiningBasicProbability" classname="com.daarthy.events.app.modules.events.plans.PlanTest" time="0"/>
  <testcase name="testPlanByGatheringMatch" classname="com.daarthy.events.app.modules.events.plans.PlanTest" time="0.001"/>
  <testcase name="testPlanByGatheringStudy" classname="com.daarthy.events.app.modules.events.plans.PlanTest" time="2.357">
    <system-out><![CDATA[----------------------GatheringEvent-------------------------------
-------------------------------------------------------------------
|  Current Success  |  Samples  |  Avg. Samples |  Total Samples |
-------------------------------------------------------------------
|         1         |     405  |        405,00 |            405  |
|         2         |      35  |        220,00 |            440  |
|         3         |      38  |        159,33 |            478  |
|         4         |     317  |        198,75 |            795  |
|        88         |    6050  |        702,93 |          61858  |
|        89         |     410  |        699,64 |          62268  |
|        90         |   26559  |        986,97 |          88827  |
|        91         |   19693  |       1192,53 |         108520  |
|        92         |    1730  |       1198,37 |         110250  |
|       198         |    3990  |       7077,25 |        1401296  |
|       199         |    7922  |       7081,50 |        1409218  |
|       200         |   64461  |       7368,40 |        1473679  |
|       201         |     784  |       7335,64 |        1474463  |
|       202         |   57885  |       7585,88 |        1532348  |
]]></system-out>
  </testcase>
  <testcase name="testPlanByGatheringBeforeLimitProbability" classname="com.daarthy.events.app.modules.events.plans.PlanTest" time="0"/>
  <testcase name="testPlanByHuntingBeyondLimitProbability" classname="com.daarthy.events.app.modules.events.plans.PlanTest" time="0"/>
  <testcase name="testPlanByHuntingLimitProbability" classname="com.daarthy.events.app.modules.events.plans.PlanTest" time="0"/>
  <testcase name="testPlanByHuntingMatch" classname="com.daarthy.events.app.modules.events.plans.PlanTest" time="0.001"/>
  <testcase name="testPlanByHuntingStudy" classname="com.daarthy.events.app.modules.events.plans.PlanTest" time="0.267">
    <system-out><![CDATA[----------------------HuntingEvent-------------------------------
-------------------------------------------------------------------
|  Current Success  |  Samples  |  Avg. Samples |  Total Samples |
-------------------------------------------------------------------
|         1         |      62  |         62,00 |             62  |
|         2         |     304  |        183,00 |            366  |
|         3         |     128  |        164,67 |            494  |
|         4         |      56  |        137,50 |            550  |
|        88         |     142  |        439,32 |          38660  |
|        89         |     643  |        441,61 |          39303  |
|        90         |     561  |        442,93 |          39864  |
|        91         |     610  |        444,77 |          40474  |
|        92         |    1983  |        461,49 |          42457  |
|       198         |     486  |        681,24 |         134886  |
|       199         |    1198  |        683,84 |         136084  |
|       200         |    2473  |        692,79 |         138557  |
|       201         |     413  |        691,39 |         138970  |
|       202         |     291  |        689,41 |         139261  |
]]></system-out>
  </testcase>
  <testcase name="testPlanByMiningBeforeLimitProbability" classname="com.daarthy.events.app.modules.events.plans.PlanTest" time="0"/>
  <testcase name="testPlanByHuntingBeforeLimitProbability" classname="com.daarthy.events.app.modules.events.plans.PlanTest" time="0"/>
  <testcase name="testPlanByHuntingBasicProbability" classname="com.daarthy.events.app.modules.events.plans.PlanTest" time="0"/>
</testsuite>